=== puma startup: 2016-06-01 03:17:57 -0400 ===
=== puma startup: 2016-06-01 03:18:20 -0400 ===
=== puma startup: 2016-06-01 13:41:26 -0400 ===
2016-06-17 21:33:36 -0400: HTTP parse error, malformed request (127.0.0.1): #<Puma::HttpParserError: Invalid HTTP format, parsing fails.>
2016-06-17 21:33:36 -0400: ENV: {"rack.version"=>[1, 3], "rack.errors"=>#<IO:/home/maxrchung/website/shared/log/puma.stderr.log>, "rack.multithread"=>true, "rack.multiprocess"=>false, "rack.run_once"=>false, "SCRIPT_NAME"=>"", "QUERY_STRING"=>"next_file=netgear.cfg&todo=syscmd&cmd=echo", "SERVER_PROTOCOL"=>"HTTP/1.1", "SERVER_SOFTWARE"=>"puma 3.4.0 Owl Bowl Brawl", "GATEWAY_INTERFACE"=>"CGI/1.2", "REMOTE_ADDR"=>"127.0.0.1", "REQUEST_METHOD"=>"GET", "REQUEST_PATH"=>"/setup.cgi", "REQUEST_URI"=>"/setup.cgi?next_file=netgear.cfg&todo=syscmd&cmd=echo"}
---
2016-07-04 14:25:51 -0400: Listen loop error: #<ThreadError: can't create Thread: Resource temporarily unavailable>
/home/maxrchung/.rvm/gems/ruby-2.2.1/gems/puma-3.4.0/lib/puma/thread_pool.rb:70:in `initialize'
/home/maxrchung/.rvm/gems/ruby-2.2.1/gems/puma-3.4.0/lib/puma/thread_pool.rb:70:in `new'
/home/maxrchung/.rvm/gems/ruby-2.2.1/gems/puma-3.4.0/lib/puma/thread_pool.rb:70:in `spawn_thread'
/home/maxrchung/.rvm/gems/ruby-2.2.1/gems/puma-3.4.0/lib/puma/thread_pool.rb:142:in `block in <<'
/home/maxrchung/.rvm/gems/ruby-2.2.1/gems/puma-3.4.0/lib/puma/thread_pool.rb:134:in `synchronize'
/home/maxrchung/.rvm/gems/ruby-2.2.1/gems/puma-3.4.0/lib/puma/thread_pool.rb:134:in `<<'
/home/maxrchung/.rvm/gems/ruby-2.2.1/gems/puma-3.4.0/lib/puma/server.rb:337:in `block in handle_servers'
/home/maxrchung/.rvm/gems/ruby-2.2.1/gems/puma-3.4.0/lib/puma/server.rb:324:in `each'
/home/maxrchung/.rvm/gems/ruby-2.2.1/gems/puma-3.4.0/lib/puma/server.rb:324:in `handle_servers'
/home/maxrchung/.rvm/gems/ruby-2.2.1/gems/puma-3.4.0/lib/puma/server.rb:297:in `block in run'
=== puma startup: 2016-07-24 22:13:40 -0400 ===
2016-08-06 20:32:47 -0400: Listen loop error: #<ThreadError: can't create Thread: Resource temporarily unavailable>
/home/maxrchung/.rvm/gems/ruby-2.2.1/gems/puma-3.4.0/lib/puma/thread_pool.rb:70:in `initialize'
/home/maxrchung/.rvm/gems/ruby-2.2.1/gems/puma-3.4.0/lib/puma/thread_pool.rb:70:in `new'
/home/maxrchung/.rvm/gems/ruby-2.2.1/gems/puma-3.4.0/lib/puma/thread_pool.rb:70:in `spawn_thread'
/home/maxrchung/.rvm/gems/ruby-2.2.1/gems/puma-3.4.0/lib/puma/thread_pool.rb:142:in `block in <<'
/home/maxrchung/.rvm/gems/ruby-2.2.1/gems/puma-3.4.0/lib/puma/thread_pool.rb:134:in `synchronize'
/home/maxrchung/.rvm/gems/ruby-2.2.1/gems/puma-3.4.0/lib/puma/thread_pool.rb:134:in `<<'
/home/maxrchung/.rvm/gems/ruby-2.2.1/gems/puma-3.4.0/lib/puma/server.rb:337:in `block in handle_servers'
/home/maxrchung/.rvm/gems/ruby-2.2.1/gems/puma-3.4.0/lib/puma/server.rb:324:in `each'
/home/maxrchung/.rvm/gems/ruby-2.2.1/gems/puma-3.4.0/lib/puma/server.rb:324:in `handle_servers'
/home/maxrchung/.rvm/gems/ruby-2.2.1/gems/puma-3.4.0/lib/puma/server.rb:297:in `block in run'
=== puma startup: 2016-08-18 00:22:03 -0400 ===
Error during failsafe response: uninitialized constant Builder::XmlMarkup
  /home/maxrchung/.rvm/gems/ruby-2.2.1/gems/activesupport-4.2.5/lib/active_support/core_ext/hash/conversions.rb:80:in `to_xml'
  /home/maxrchung/.rvm/gems/ruby-2.2.1/gems/actionpack-4.2.5/lib/action_dispatch/middleware/public_exceptions.rb:33:in `public_send'
  /home/maxrchung/.rvm/gems/ruby-2.2.1/gems/actionpack-4.2.5/lib/action_dispatch/middleware/public_exceptions.rb:33:in `render'
  /home/maxrchung/.rvm/gems/ruby-2.2.1/gems/actionpack-4.2.5/lib/action_dispatch/middleware/public_exceptions.rb:25:in `call'
  /home/maxrchung/.rvm/gems/ruby-2.2.1/gems/actionpack-4.2.5/lib/action_dispatch/middleware/show_exceptions.rb:47:in `render_exception'
  /home/maxrchung/.rvm/gems/ruby-2.2.1/gems/actionpack-4.2.5/lib/action_dispatch/middleware/show_exceptions.rb:35:in `rescue in call'
  /home/maxrchung/.rvm/gems/ruby-2.2.1/gems/actionpack-4.2.5/lib/action_dispatch/middleware/show_exceptions.rb:30:in `call'
  /home/maxrchung/.rvm/gems/ruby-2.2.1/gems/railties-4.2.5/lib/rails/rack/logger.rb:38:in `call_app'
  /home/maxrchung/.rvm/gems/ruby-2.2.1/gems/railties-4.2.5/lib/rails/rack/logger.rb:20:in `block in call'
  /home/maxrchung/.rvm/gems/ruby-2.2.1/gems/activesupport-4.2.5/lib/active_support/tagged_logging.rb:68:in `block in tagged'
  /home/maxrchung/.rvm/gems/ruby-2.2.1/gems/activesupport-4.2.5/lib/active_support/tagged_logging.rb:26:in `tagged'
  /home/maxrchung/.rvm/gems/ruby-2.2.1/gems/activesupport-4.2.5/lib/active_support/tagged_logging.rb:68:in `tagged'
  /home/maxrchung/.rvm/gems/ruby-2.2.1/gems/railties-4.2.5/lib/rails/rack/logger.rb:20:in `call'
  /home/maxrchung/.rvm/gems/ruby-2.2.1/gems/actionpack-4.2.5/lib/action_dispatch/middleware/request_id.rb:21:in `call'
  /home/maxrchung/.rvm/gems/ruby-2.2.1/gems/rack-1.6.4/lib/rack/methodoverride.rb:22:in `call'
  /home/maxrchung/.rvm/gems/ruby-2.2.1/gems/rack-1.6.4/lib/rack/runtime.rb:18:in `call'
  /home/maxrchung/.rvm/gems/ruby-2.2.1/gems/activesupport-4.2.5/lib/active_support/cache/strategy/local_cache_middleware.rb:28:in `call'
  /home/maxrchung/.rvm/gems/ruby-2.2.1/gems/actionpack-4.2.5/lib/action_dispatch/middleware/static.rb:116:in `call'
  /home/maxrchung/.rvm/gems/ruby-2.2.1/gems/rack-1.6.4/lib/rack/sendfile.rb:113:in `call'
  /home/maxrchung/.rvm/gems/ruby-2.2.1/gems/railties-4.2.5/lib/rails/engine.rb:518:in `call'
  /home/maxrchung/.rvm/gems/ruby-2.2.1/gems/railties-4.2.5/lib/rails/application.rb:165:in `call'
  /home/maxrchung/.rvm/gems/ruby-2.2.1/gems/puma-3.4.0/lib/puma/configuration.rb:224:in `call'
  /home/maxrchung/.rvm/gems/ruby-2.2.1/gems/puma-3.4.0/lib/puma/server.rb:569:in `handle_request'
  /home/maxrchung/.rvm/gems/ruby-2.2.1/gems/puma-3.4.0/lib/puma/server.rb:406:in `process_client'
  /home/maxrchung/.rvm/gems/ruby-2.2.1/gems/puma-3.4.0/lib/puma/server.rb:271:in `block in run'
  /home/maxrchung/.rvm/gems/ruby-2.2.1/gems/puma-3.4.0/lib/puma/thread_pool.rb:114:in `call'
  /home/maxrchung/.rvm/gems/ruby-2.2.1/gems/puma-3.4.0/lib/puma/thread_pool.rb:114:in `block in spawn_thread'
Error during failsafe response: uninitialized constant Builder::XmlMarkup
  /home/maxrchung/.rvm/gems/ruby-2.2.1/gems/activesupport-4.2.5/lib/active_support/core_ext/hash/conversions.rb:80:in `to_xml'
  /home/maxrchung/.rvm/gems/ruby-2.2.1/gems/actionpack-4.2.5/lib/action_dispatch/middleware/public_exceptions.rb:33:in `public_send'
  /home/maxrchung/.rvm/gems/ruby-2.2.1/gems/actionpack-4.2.5/lib/action_dispatch/middleware/public_exceptions.rb:33:in `render'
  /home/maxrchung/.rvm/gems/ruby-2.2.1/gems/actionpack-4.2.5/lib/action_dispatch/middleware/public_exceptions.rb:25:in `call'
  /home/maxrchung/.rvm/gems/ruby-2.2.1/gems/actionpack-4.2.5/lib/action_dispatch/middleware/show_exceptions.rb:47:in `render_exception'
  /home/maxrchung/.rvm/gems/ruby-2.2.1/gems/actionpack-4.2.5/lib/action_dispatch/middleware/show_exceptions.rb:35:in `rescue in call'
  /home/maxrchung/.rvm/gems/ruby-2.2.1/gems/actionpack-4.2.5/lib/action_dispatch/middleware/show_exceptions.rb:30:in `call'
  /home/maxrchung/.rvm/gems/ruby-2.2.1/gems/railties-4.2.5/lib/rails/rack/logger.rb:38:in `call_app'
  /home/maxrchung/.rvm/gems/ruby-2.2.1/gems/railties-4.2.5/lib/rails/rack/logger.rb:20:in `block in call'
  /home/maxrchung/.rvm/gems/ruby-2.2.1/gems/activesupport-4.2.5/lib/active_support/tagged_logging.rb:68:in `block in tagged'
  /home/maxrchung/.rvm/gems/ruby-2.2.1/gems/activesupport-4.2.5/lib/active_support/tagged_logging.rb:26:in `tagged'
  /home/maxrchung/.rvm/gems/ruby-2.2.1/gems/activesupport-4.2.5/lib/active_support/tagged_logging.rb:68:in `tagged'
  /home/maxrchung/.rvm/gems/ruby-2.2.1/gems/railties-4.2.5/lib/rails/rack/logger.rb:20:in `call'
  /home/maxrchung/.rvm/gems/ruby-2.2.1/gems/actionpack-4.2.5/lib/action_dispatch/middleware/request_id.rb:21:in `call'
  /home/maxrchung/.rvm/gems/ruby-2.2.1/gems/rack-1.6.4/lib/rack/methodoverride.rb:22:in `call'
  /home/maxrchung/.rvm/gems/ruby-2.2.1/gems/rack-1.6.4/lib/rack/runtime.rb:18:in `call'
  /home/maxrchung/.rvm/gems/ruby-2.2.1/gems/activesupport-4.2.5/lib/active_support/cache/strategy/local_cache_middleware.rb:28:in `call'
  /home/maxrchung/.rvm/gems/ruby-2.2.1/gems/actionpack-4.2.5/lib/action_dispatch/middleware/static.rb:116:in `call'
  /home/maxrchung/.rvm/gems/ruby-2.2.1/gems/rack-1.6.4/lib/rack/sendfile.rb:113:in `call'
  /home/maxrchung/.rvm/gems/ruby-2.2.1/gems/railties-4.2.5/lib/rails/engine.rb:518:in `call'
  /home/maxrchung/.rvm/gems/ruby-2.2.1/gems/railties-4.2.5/lib/rails/application.rb:165:in `call'
  /home/maxrchung/.rvm/gems/ruby-2.2.1/gems/puma-3.4.0/lib/puma/configuration.rb:224:in `call'
  /home/maxrchung/.rvm/gems/ruby-2.2.1/gems/puma-3.4.0/lib/puma/server.rb:569:in `handle_request'
  /home/maxrchung/.rvm/gems/ruby-2.2.1/gems/puma-3.4.0/lib/puma/server.rb:406:in `process_client'
  /home/maxrchung/.rvm/gems/ruby-2.2.1/gems/puma-3.4.0/lib/puma/server.rb:271:in `block in run'
  /home/maxrchung/.rvm/gems/ruby-2.2.1/gems/puma-3.4.0/lib/puma/thread_pool.rb:114:in `call'
  /home/maxrchung/.rvm/gems/ruby-2.2.1/gems/puma-3.4.0/lib/puma/thread_pool.rb:114:in `block in spawn_thread'
2016-09-29 11:22:25 -0400: Listen loop error: #<ThreadError: can't create Thread: Resource temporarily unavailable>
/home/maxrchung/.rvm/gems/ruby-2.2.1/gems/puma-3.4.0/lib/puma/thread_pool.rb:70:in `initialize'
/home/maxrchung/.rvm/gems/ruby-2.2.1/gems/puma-3.4.0/lib/puma/thread_pool.rb:70:in `new'
/home/maxrchung/.rvm/gems/ruby-2.2.1/gems/puma-3.4.0/lib/puma/thread_pool.rb:70:in `spawn_thread'
/home/maxrchung/.rvm/gems/ruby-2.2.1/gems/puma-3.4.0/lib/puma/thread_pool.rb:142:in `block in <<'
/home/maxrchung/.rvm/gems/ruby-2.2.1/gems/puma-3.4.0/lib/puma/thread_pool.rb:134:in `synchronize'
/home/maxrchung/.rvm/gems/ruby-2.2.1/gems/puma-3.4.0/lib/puma/thread_pool.rb:134:in `<<'
/home/maxrchung/.rvm/gems/ruby-2.2.1/gems/puma-3.4.0/lib/puma/server.rb:337:in `block in handle_servers'
/home/maxrchung/.rvm/gems/ruby-2.2.1/gems/puma-3.4.0/lib/puma/server.rb:324:in `each'
/home/maxrchung/.rvm/gems/ruby-2.2.1/gems/puma-3.4.0/lib/puma/server.rb:324:in `handle_servers'
/home/maxrchung/.rvm/gems/ruby-2.2.1/gems/puma-3.4.0/lib/puma/server.rb:297:in `block in run'
2016-10-04 01:16:11 -0400: Listen loop error: #<ThreadError: can't create Thread: Resource temporarily unavailable>
/home/maxrchung/.rvm/gems/ruby-2.2.1/gems/puma-3.4.0/lib/puma/thread_pool.rb:70:in `initialize'
/home/maxrchung/.rvm/gems/ruby-2.2.1/gems/puma-3.4.0/lib/puma/thread_pool.rb:70:in `new'
/home/maxrchung/.rvm/gems/ruby-2.2.1/gems/puma-3.4.0/lib/puma/thread_pool.rb:70:in `spawn_thread'
/home/maxrchung/.rvm/gems/ruby-2.2.1/gems/puma-3.4.0/lib/puma/thread_pool.rb:142:in `block in <<'
/home/maxrchung/.rvm/gems/ruby-2.2.1/gems/puma-3.4.0/lib/puma/thread_pool.rb:134:in `synchronize'
/home/maxrchung/.rvm/gems/ruby-2.2.1/gems/puma-3.4.0/lib/puma/thread_pool.rb:134:in `<<'
/home/maxrchung/.rvm/gems/ruby-2.2.1/gems/puma-3.4.0/lib/puma/server.rb:337:in `block in handle_servers'
/home/maxrchung/.rvm/gems/ruby-2.2.1/gems/puma-3.4.0/lib/puma/server.rb:324:in `each'
/home/maxrchung/.rvm/gems/ruby-2.2.1/gems/puma-3.4.0/lib/puma/server.rb:324:in `handle_servers'
/home/maxrchung/.rvm/gems/ruby-2.2.1/gems/puma-3.4.0/lib/puma/server.rb:297:in `block in run'
2016-10-15 12:24:25 -0400: HTTP parse error, malformed request (127.0.0.1): #<Puma::HttpParserError: Invalid HTTP format, parsing fails.>
2016-10-15 12:24:25 -0400: ENV: {"rack.version"=>[1, 3], "rack.errors"=>#<IO:/home/maxrchung/website/shared/log/puma.stderr.log>, "rack.multithread"=>true, "rack.multiprocess"=>false, "rack.run_once"=>false, "SCRIPT_NAME"=>"", "QUERY_STRING"=>"", "SERVER_PROTOCOL"=>"HTTP/1.1", "SERVER_SOFTWARE"=>"puma 3.4.0 Owl Bowl Brawl", "GATEWAY_INTERFACE"=>"CGI/1.2", "REMOTE_ADDR"=>"127.0.0.1", "REQUEST_METHOD"=>"GET"}
---
2016-10-20 03:32:05 -0400: HTTP parse error, malformed request (127.0.0.1): #<Puma::HttpParserError: Invalid HTTP format, parsing fails.>
2016-10-20 03:32:05 -0400: ENV: {"rack.version"=>[1, 3], "rack.errors"=>#<IO:/home/maxrchung/website/shared/log/puma.stderr.log>, "rack.multithread"=>true, "rack.multiprocess"=>false, "rack.run_once"=>false, "SCRIPT_NAME"=>"", "QUERY_STRING"=>"", "SERVER_PROTOCOL"=>"HTTP/1.1", "SERVER_SOFTWARE"=>"puma 3.4.0 Owl Bowl Brawl", "GATEWAY_INTERFACE"=>"CGI/1.2", "REMOTE_ADDR"=>"127.0.0.1", "REQUEST_METHOD"=>"GET"}
---
2016-10-22 22:09:56 -0400: HTTP parse error, malformed request (127.0.0.1): #<Puma::HttpParserError: Invalid HTTP format, parsing fails.>
2016-10-22 22:09:56 -0400: ENV: {"rack.version"=>[1, 3], "rack.errors"=>#<IO:/home/maxrchung/website/shared/log/puma.stderr.log>, "rack.multithread"=>true, "rack.multiprocess"=>false, "rack.run_once"=>false, "SCRIPT_NAME"=>"", "QUERY_STRING"=>"", "SERVER_PROTOCOL"=>"HTTP/1.1", "SERVER_SOFTWARE"=>"puma 3.4.0 Owl Bowl Brawl", "GATEWAY_INTERFACE"=>"CGI/1.2", "REMOTE_ADDR"=>"127.0.0.1", "REQUEST_METHOD"=>"GET"}
---
2016-10-25 10:23:15 -0400: HTTP parse error, malformed request (127.0.0.1): #<Puma::HttpParserError: Invalid HTTP format, parsing fails.>
2016-10-25 10:23:15 -0400: ENV: {"rack.version"=>[1, 3], "rack.errors"=>#<IO:/home/maxrchung/website/shared/log/puma.stderr.log>, "rack.multithread"=>true, "rack.multiprocess"=>false, "rack.run_once"=>false, "SCRIPT_NAME"=>"", "QUERY_STRING"=>"", "SERVER_PROTOCOL"=>"HTTP/1.1", "SERVER_SOFTWARE"=>"puma 3.4.0 Owl Bowl Brawl", "GATEWAY_INTERFACE"=>"CGI/1.2", "REMOTE_ADDR"=>"127.0.0.1", "REQUEST_METHOD"=>"GET"}
---
2016-10-27 14:18:19 -0400: HTTP parse error, malformed request (127.0.0.1): #<Puma::HttpParserError: Invalid HTTP format, parsing fails.>
2016-10-27 14:18:19 -0400: ENV: {"rack.version"=>[1, 3], "rack.errors"=>#<IO:/home/maxrchung/website/shared/log/puma.stderr.log>, "rack.multithread"=>true, "rack.multiprocess"=>false, "rack.run_once"=>false, "SCRIPT_NAME"=>"", "QUERY_STRING"=>"", "SERVER_PROTOCOL"=>"HTTP/1.1", "SERVER_SOFTWARE"=>"puma 3.4.0 Owl Bowl Brawl", "GATEWAY_INTERFACE"=>"CGI/1.2", "REMOTE_ADDR"=>"127.0.0.1", "REQUEST_METHOD"=>"GET"}
---
2016-10-30 10:11:04 -0400: HTTP parse error, malformed request (127.0.0.1): #<Puma::HttpParserError: Invalid HTTP format, parsing fails.>
2016-10-30 10:11:04 -0400: ENV: {"rack.version"=>[1, 3], "rack.errors"=>#<IO:/home/maxrchung/website/shared/log/puma.stderr.log>, "rack.multithread"=>true, "rack.multiprocess"=>false, "rack.run_once"=>false, "SCRIPT_NAME"=>"", "QUERY_STRING"=>"", "SERVER_PROTOCOL"=>"HTTP/1.1", "SERVER_SOFTWARE"=>"puma 3.4.0 Owl Bowl Brawl", "GATEWAY_INTERFACE"=>"CGI/1.2", "REMOTE_ADDR"=>"127.0.0.1", "REQUEST_METHOD"=>"GET"}
---
2016-11-01 14:16:15 -0400: HTTP parse error, malformed request (127.0.0.1): #<Puma::HttpParserError: Invalid HTTP format, parsing fails.>
2016-11-01 14:16:15 -0400: ENV: {"rack.version"=>[1, 3], "rack.errors"=>#<IO:/home/maxrchung/website/shared/log/puma.stderr.log>, "rack.multithread"=>true, "rack.multiprocess"=>false, "rack.run_once"=>false, "SCRIPT_NAME"=>"", "QUERY_STRING"=>"", "SERVER_PROTOCOL"=>"HTTP/1.1", "SERVER_SOFTWARE"=>"puma 3.4.0 Owl Bowl Brawl", "GATEWAY_INTERFACE"=>"CGI/1.2", "REMOTE_ADDR"=>"127.0.0.1", "REQUEST_METHOD"=>"GET"}
---
2016-11-03 11:49:45 -0400: Listen loop error: #<ThreadError: can't create Thread: Resource temporarily unavailable>
/home/maxrchung/.rvm/gems/ruby-2.2.1/gems/puma-3.4.0/lib/puma/thread_pool.rb:70:in `initialize'
/home/maxrchung/.rvm/gems/ruby-2.2.1/gems/puma-3.4.0/lib/puma/thread_pool.rb:70:in `new'
/home/maxrchung/.rvm/gems/ruby-2.2.1/gems/puma-3.4.0/lib/puma/thread_pool.rb:70:in `spawn_thread'
/home/maxrchung/.rvm/gems/ruby-2.2.1/gems/puma-3.4.0/lib/puma/thread_pool.rb:142:in `block in <<'
/home/maxrchung/.rvm/gems/ruby-2.2.1/gems/puma-3.4.0/lib/puma/thread_pool.rb:134:in `synchronize'
/home/maxrchung/.rvm/gems/ruby-2.2.1/gems/puma-3.4.0/lib/puma/thread_pool.rb:134:in `<<'
/home/maxrchung/.rvm/gems/ruby-2.2.1/gems/puma-3.4.0/lib/puma/server.rb:337:in `block in handle_servers'
/home/maxrchung/.rvm/gems/ruby-2.2.1/gems/puma-3.4.0/lib/puma/server.rb:324:in `each'
/home/maxrchung/.rvm/gems/ruby-2.2.1/gems/puma-3.4.0/lib/puma/server.rb:324:in `handle_servers'
/home/maxrchung/.rvm/gems/ruby-2.2.1/gems/puma-3.4.0/lib/puma/server.rb:297:in `block in run'
2016-11-03 11:50:22 -0400: Listen loop error: #<ThreadError: can't create Thread: Resource temporarily unavailable>
/home/maxrchung/.rvm/gems/ruby-2.2.1/gems/puma-3.4.0/lib/puma/thread_pool.rb:70:in `initialize'
/home/maxrchung/.rvm/gems/ruby-2.2.1/gems/puma-3.4.0/lib/puma/thread_pool.rb:70:in `new'
/home/maxrchung/.rvm/gems/ruby-2.2.1/gems/puma-3.4.0/lib/puma/thread_pool.rb:70:in `spawn_thread'
/home/maxrchung/.rvm/gems/ruby-2.2.1/gems/puma-3.4.0/lib/puma/thread_pool.rb:142:in `block in <<'
/home/maxrchung/.rvm/gems/ruby-2.2.1/gems/puma-3.4.0/lib/puma/thread_pool.rb:134:in `synchronize'
/home/maxrchung/.rvm/gems/ruby-2.2.1/gems/puma-3.4.0/lib/puma/thread_pool.rb:134:in `<<'
/home/maxrchung/.rvm/gems/ruby-2.2.1/gems/puma-3.4.0/lib/puma/server.rb:337:in `block in handle_servers'
/home/maxrchung/.rvm/gems/ruby-2.2.1/gems/puma-3.4.0/lib/puma/server.rb:324:in `each'
/home/maxrchung/.rvm/gems/ruby-2.2.1/gems/puma-3.4.0/lib/puma/server.rb:324:in `handle_servers'
/home/maxrchung/.rvm/gems/ruby-2.2.1/gems/puma-3.4.0/lib/puma/server.rb:297:in `block in run'
2016-11-03 18:32:24 -0400: HTTP parse error, malformed request (127.0.0.1): #<Puma::HttpParserError: Invalid HTTP format, parsing fails.>
2016-11-03 18:32:24 -0400: ENV: {"rack.version"=>[1, 3], "rack.errors"=>#<IO:/home/maxrchung/website/shared/log/puma.stderr.log>, "rack.multithread"=>true, "rack.multiprocess"=>false, "rack.run_once"=>false, "SCRIPT_NAME"=>"", "QUERY_STRING"=>"", "SERVER_PROTOCOL"=>"HTTP/1.1", "SERVER_SOFTWARE"=>"puma 3.4.0 Owl Bowl Brawl", "GATEWAY_INTERFACE"=>"CGI/1.2", "REMOTE_ADDR"=>"127.0.0.1", "REQUEST_METHOD"=>"GET"}
---
2016-11-06 02:50:43 -0500: HTTP parse error, malformed request (127.0.0.1): #<Puma::HttpParserError: Invalid HTTP format, parsing fails.>
2016-11-06 02:50:43 -0500: ENV: {"rack.version"=>[1, 3], "rack.errors"=>#<IO:/home/maxrchung/website/shared/log/puma.stderr.log>, "rack.multithread"=>true, "rack.multiprocess"=>false, "rack.run_once"=>false, "SCRIPT_NAME"=>"", "QUERY_STRING"=>"", "SERVER_PROTOCOL"=>"HTTP/1.1", "SERVER_SOFTWARE"=>"puma 3.4.0 Owl Bowl Brawl", "GATEWAY_INTERFACE"=>"CGI/1.2", "REMOTE_ADDR"=>"127.0.0.1", "REQUEST_METHOD"=>"GET"}
---
2016-11-08 10:38:00 -0500: HTTP parse error, malformed request (127.0.0.1): #<Puma::HttpParserError: Invalid HTTP format, parsing fails.>
2016-11-08 10:38:00 -0500: ENV: {"rack.version"=>[1, 3], "rack.errors"=>#<IO:/home/maxrchung/website/shared/log/puma.stderr.log>, "rack.multithread"=>true, "rack.multiprocess"=>false, "rack.run_once"=>false, "SCRIPT_NAME"=>"", "QUERY_STRING"=>"", "SERVER_PROTOCOL"=>"HTTP/1.1", "SERVER_SOFTWARE"=>"puma 3.4.0 Owl Bowl Brawl", "GATEWAY_INTERFACE"=>"CGI/1.2", "REMOTE_ADDR"=>"127.0.0.1", "REQUEST_METHOD"=>"GET"}
---
2016-11-10 14:46:13 -0500: HTTP parse error, malformed request (127.0.0.1): #<Puma::HttpParserError: Invalid HTTP format, parsing fails.>
2016-11-10 14:46:13 -0500: ENV: {"rack.version"=>[1, 3], "rack.errors"=>#<IO:/home/maxrchung/website/shared/log/puma.stderr.log>, "rack.multithread"=>true, "rack.multiprocess"=>false, "rack.run_once"=>false, "SCRIPT_NAME"=>"", "QUERY_STRING"=>"", "SERVER_PROTOCOL"=>"HTTP/1.1", "SERVER_SOFTWARE"=>"puma 3.4.0 Owl Bowl Brawl", "GATEWAY_INTERFACE"=>"CGI/1.2", "REMOTE_ADDR"=>"127.0.0.1", "REQUEST_METHOD"=>"GET"}
---
2016-11-15 00:42:38 -0500: Listen loop error: #<ThreadError: can't create Thread: Resource temporarily unavailable>
/home/maxrchung/.rvm/gems/ruby-2.2.1/gems/puma-3.4.0/lib/puma/thread_pool.rb:70:in `initialize'
/home/maxrchung/.rvm/gems/ruby-2.2.1/gems/puma-3.4.0/lib/puma/thread_pool.rb:70:in `new'
/home/maxrchung/.rvm/gems/ruby-2.2.1/gems/puma-3.4.0/lib/puma/thread_pool.rb:70:in `spawn_thread'
/home/maxrchung/.rvm/gems/ruby-2.2.1/gems/puma-3.4.0/lib/puma/thread_pool.rb:142:in `block in <<'
/home/maxrchung/.rvm/gems/ruby-2.2.1/gems/puma-3.4.0/lib/puma/thread_pool.rb:134:in `synchronize'
/home/maxrchung/.rvm/gems/ruby-2.2.1/gems/puma-3.4.0/lib/puma/thread_pool.rb:134:in `<<'
/home/maxrchung/.rvm/gems/ruby-2.2.1/gems/puma-3.4.0/lib/puma/server.rb:337:in `block in handle_servers'
/home/maxrchung/.rvm/gems/ruby-2.2.1/gems/puma-3.4.0/lib/puma/server.rb:324:in `each'
/home/maxrchung/.rvm/gems/ruby-2.2.1/gems/puma-3.4.0/lib/puma/server.rb:324:in `handle_servers'
/home/maxrchung/.rvm/gems/ruby-2.2.1/gems/puma-3.4.0/lib/puma/server.rb:297:in `block in run'
2016-11-18 02:37:10 -0500: Listen loop error: #<ThreadError: can't create Thread: Resource temporarily unavailable>
/home/maxrchung/.rvm/gems/ruby-2.2.1/gems/puma-3.4.0/lib/puma/thread_pool.rb:70:in `initialize'
/home/maxrchung/.rvm/gems/ruby-2.2.1/gems/puma-3.4.0/lib/puma/thread_pool.rb:70:in `new'
/home/maxrchung/.rvm/gems/ruby-2.2.1/gems/puma-3.4.0/lib/puma/thread_pool.rb:70:in `spawn_thread'
/home/maxrchung/.rvm/gems/ruby-2.2.1/gems/puma-3.4.0/lib/puma/thread_pool.rb:142:in `block in <<'
/home/maxrchung/.rvm/gems/ruby-2.2.1/gems/puma-3.4.0/lib/puma/thread_pool.rb:134:in `synchronize'
/home/maxrchung/.rvm/gems/ruby-2.2.1/gems/puma-3.4.0/lib/puma/thread_pool.rb:134:in `<<'
/home/maxrchung/.rvm/gems/ruby-2.2.1/gems/puma-3.4.0/lib/puma/server.rb:337:in `block in handle_servers'
/home/maxrchung/.rvm/gems/ruby-2.2.1/gems/puma-3.4.0/lib/puma/server.rb:324:in `each'
/home/maxrchung/.rvm/gems/ruby-2.2.1/gems/puma-3.4.0/lib/puma/server.rb:324:in `handle_servers'
/home/maxrchung/.rvm/gems/ruby-2.2.1/gems/puma-3.4.0/lib/puma/server.rb:297:in `block in run'
2016-11-18 06:17:19 -0500: Listen loop error: #<ThreadError: can't create Thread: Resource temporarily unavailable>
/home/maxrchung/.rvm/gems/ruby-2.2.1/gems/puma-3.4.0/lib/puma/thread_pool.rb:70:in `initialize'
/home/maxrchung/.rvm/gems/ruby-2.2.1/gems/puma-3.4.0/lib/puma/thread_pool.rb:70:in `new'
/home/maxrchung/.rvm/gems/ruby-2.2.1/gems/puma-3.4.0/lib/puma/thread_pool.rb:70:in `spawn_thread'
/home/maxrchung/.rvm/gems/ruby-2.2.1/gems/puma-3.4.0/lib/puma/thread_pool.rb:142:in `block in <<'
/home/maxrchung/.rvm/gems/ruby-2.2.1/gems/puma-3.4.0/lib/puma/thread_pool.rb:134:in `synchronize'
/home/maxrchung/.rvm/gems/ruby-2.2.1/gems/puma-3.4.0/lib/puma/thread_pool.rb:134:in `<<'
/home/maxrchung/.rvm/gems/ruby-2.2.1/gems/puma-3.4.0/lib/puma/server.rb:337:in `block in handle_servers'
/home/maxrchung/.rvm/gems/ruby-2.2.1/gems/puma-3.4.0/lib/puma/server.rb:324:in `each'
/home/maxrchung/.rvm/gems/ruby-2.2.1/gems/puma-3.4.0/lib/puma/server.rb:324:in `handle_servers'
/home/maxrchung/.rvm/gems/ruby-2.2.1/gems/puma-3.4.0/lib/puma/server.rb:297:in `block in run'
2016-11-19 09:56:25 -0500: Listen loop error: #<ThreadError: can't create Thread: Resource temporarily unavailable>
/home/maxrchung/.rvm/gems/ruby-2.2.1/gems/puma-3.4.0/lib/puma/thread_pool.rb:70:in `initialize'
/home/maxrchung/.rvm/gems/ruby-2.2.1/gems/puma-3.4.0/lib/puma/thread_pool.rb:70:in `new'
/home/maxrchung/.rvm/gems/ruby-2.2.1/gems/puma-3.4.0/lib/puma/thread_pool.rb:70:in `spawn_thread'
/home/maxrchung/.rvm/gems/ruby-2.2.1/gems/puma-3.4.0/lib/puma/thread_pool.rb:142:in `block in <<'
/home/maxrchung/.rvm/gems/ruby-2.2.1/gems/puma-3.4.0/lib/puma/thread_pool.rb:134:in `synchronize'
/home/maxrchung/.rvm/gems/ruby-2.2.1/gems/puma-3.4.0/lib/puma/thread_pool.rb:134:in `<<'
/home/maxrchung/.rvm/gems/ruby-2.2.1/gems/puma-3.4.0/lib/puma/server.rb:337:in `block in handle_servers'
/home/maxrchung/.rvm/gems/ruby-2.2.1/gems/puma-3.4.0/lib/puma/server.rb:324:in `each'
/home/maxrchung/.rvm/gems/ruby-2.2.1/gems/puma-3.4.0/lib/puma/server.rb:324:in `handle_servers'
/home/maxrchung/.rvm/gems/ruby-2.2.1/gems/puma-3.4.0/lib/puma/server.rb:297:in `block in run'
=== puma startup: 2016-11-22 22:55:17 -0500 ===
=== puma startup: 2016-11-22 23:05:31 -0500 ===
=== puma startup: 2016-11-22 23:05:41 -0500 ===
=== puma startup: 2016-11-22 23:09:39 -0500 ===
=== puma startup: 2016-11-22 23:17:22 -0500 ===
2016-11-27 01:45:36 -0500: Listen loop error: #<ThreadError: can't create Thread: Resource temporarily unavailable>
/home/maxrchung/.rvm/gems/ruby-2.2.1/gems/puma-3.4.0/lib/puma/thread_pool.rb:70:in `initialize'
/home/maxrchung/.rvm/gems/ruby-2.2.1/gems/puma-3.4.0/lib/puma/thread_pool.rb:70:in `new'
/home/maxrchung/.rvm/gems/ruby-2.2.1/gems/puma-3.4.0/lib/puma/thread_pool.rb:70:in `spawn_thread'
/home/maxrchung/.rvm/gems/ruby-2.2.1/gems/puma-3.4.0/lib/puma/thread_pool.rb:142:in `block in <<'
/home/maxrchung/.rvm/gems/ruby-2.2.1/gems/puma-3.4.0/lib/puma/thread_pool.rb:134:in `synchronize'
/home/maxrchung/.rvm/gems/ruby-2.2.1/gems/puma-3.4.0/lib/puma/thread_pool.rb:134:in `<<'
/home/maxrchung/.rvm/gems/ruby-2.2.1/gems/puma-3.4.0/lib/puma/server.rb:337:in `block in handle_servers'
/home/maxrchung/.rvm/gems/ruby-2.2.1/gems/puma-3.4.0/lib/puma/server.rb:324:in `each'
/home/maxrchung/.rvm/gems/ruby-2.2.1/gems/puma-3.4.0/lib/puma/server.rb:324:in `handle_servers'
/home/maxrchung/.rvm/gems/ruby-2.2.1/gems/puma-3.4.0/lib/puma/server.rb:297:in `block in run'
2016-11-30 13:37:55 -0500: Listen loop error: #<ThreadError: can't create Thread: Resource temporarily unavailable>
/home/maxrchung/.rvm/gems/ruby-2.2.1/gems/puma-3.4.0/lib/puma/thread_pool.rb:70:in `initialize'
/home/maxrchung/.rvm/gems/ruby-2.2.1/gems/puma-3.4.0/lib/puma/thread_pool.rb:70:in `new'
/home/maxrchung/.rvm/gems/ruby-2.2.1/gems/puma-3.4.0/lib/puma/thread_pool.rb:70:in `spawn_thread'
/home/maxrchung/.rvm/gems/ruby-2.2.1/gems/puma-3.4.0/lib/puma/thread_pool.rb:142:in `block in <<'
/home/maxrchung/.rvm/gems/ruby-2.2.1/gems/puma-3.4.0/lib/puma/thread_pool.rb:134:in `synchronize'
/home/maxrchung/.rvm/gems/ruby-2.2.1/gems/puma-3.4.0/lib/puma/thread_pool.rb:134:in `<<'
/home/maxrchung/.rvm/gems/ruby-2.2.1/gems/puma-3.4.0/lib/puma/server.rb:337:in `block in handle_servers'
/home/maxrchung/.rvm/gems/ruby-2.2.1/gems/puma-3.4.0/lib/puma/server.rb:324:in `each'
/home/maxrchung/.rvm/gems/ruby-2.2.1/gems/puma-3.4.0/lib/puma/server.rb:324:in `handle_servers'
/home/maxrchung/.rvm/gems/ruby-2.2.1/gems/puma-3.4.0/lib/puma/server.rb:297:in `block in run'
2016-11-30 13:38:59 -0500: Listen loop error: #<ThreadError: can't create Thread: Resource temporarily unavailable>
/home/maxrchung/.rvm/gems/ruby-2.2.1/gems/puma-3.4.0/lib/puma/thread_pool.rb:70:in `initialize'
/home/maxrchung/.rvm/gems/ruby-2.2.1/gems/puma-3.4.0/lib/puma/thread_pool.rb:70:in `new'
/home/maxrchung/.rvm/gems/ruby-2.2.1/gems/puma-3.4.0/lib/puma/thread_pool.rb:70:in `spawn_thread'
/home/maxrchung/.rvm/gems/ruby-2.2.1/gems/puma-3.4.0/lib/puma/thread_pool.rb:142:in `block in <<'
/home/maxrchung/.rvm/gems/ruby-2.2.1/gems/puma-3.4.0/lib/puma/thread_pool.rb:134:in `synchronize'
/home/maxrchung/.rvm/gems/ruby-2.2.1/gems/puma-3.4.0/lib/puma/thread_pool.rb:134:in `<<'
/home/maxrchung/.rvm/gems/ruby-2.2.1/gems/puma-3.4.0/lib/puma/server.rb:337:in `block in handle_servers'
/home/maxrchung/.rvm/gems/ruby-2.2.1/gems/puma-3.4.0/lib/puma/server.rb:324:in `each'
/home/maxrchung/.rvm/gems/ruby-2.2.1/gems/puma-3.4.0/lib/puma/server.rb:324:in `handle_servers'
/home/maxrchung/.rvm/gems/ruby-2.2.1/gems/puma-3.4.0/lib/puma/server.rb:297:in `block in run'
